2021-01-08 00:01:01 info: [0mOPTIONS /service [32m204[0m 0.210 ms - 0[0m
2021-01-08 00:01:01 info: [0mGET /service [36m304[0m 9.798 ms - -[0m
2021-01-08 00:01:07 info: 🚀 App listening on the port 3000
2021-01-08 00:01:07 info: 🟢 The database is connected.
2021-01-08 00:01:16 info: [0mOPTIONS /service [32m204[0m 2.605 ms - 0[0m
2021-01-08 00:01:16 info: [0mGET /service [32m200[0m 32.663 ms - 303[0m
2021-01-08 00:01:48 info: [0mOPTIONS /service [32m204[0m 0.256 ms - 0[0m
2021-01-08 00:01:48 info: [0mGET /service [36m304[0m 7.760 ms - -[0m
2021-01-08 00:03:52 info: [0mOPTIONS /service [32m204[0m 0.219 ms - 0[0m
2021-01-08 00:03:52 info: [0mGET /service [36m304[0m 7.560 ms - -[0m
2021-01-08 00:05:07 info: 🚀 App listening on the port 3000
2021-01-08 00:05:07 info: 🟢 The database is connected.
2021-01-08 00:13:16 info: 🚀 App listening on the port 3000
2021-01-08 00:13:16 info: 🟢 The database is connected.
2021-01-08 00:13:50 info: 🚀 App listening on the port 3000
2021-01-08 00:13:50 info: 🟢 The database is connected.
2021-01-08 00:14:00 info: 🚀 App listening on the port 3000
2021-01-08 00:14:00 info: 🟢 The database is connected.
2021-01-08 00:14:29 info: 🚀 App listening on the port 3000
2021-01-08 00:14:29 info: 🟢 The database is connected.
2021-01-08 00:14:36 info: 🚀 App listening on the port 3000
2021-01-08 00:14:36 info: 🟢 The database is connected.
2021-01-08 00:15:01 info: 🚀 App listening on the port 3000
2021-01-08 00:15:01 info: 🟢 The database is connected.
2021-01-08 00:15:07 info: [0mOPTIONS /service [32m204[0m 2.798 ms - 0[0m
2021-01-08 00:15:07 info: [0mGET /service [36m304[0m 39.971 ms - -[0m
2021-01-08 00:15:24 info: 🚀 App listening on the port 3000
2021-01-08 00:15:24 info: 🟢 The database is connected.
2021-01-08 00:18:15 info: [0mOPTIONS /service [32m204[0m 3.552 ms - 0[0m
2021-01-08 00:18:15 info: [0mGET /service [36m304[0m 30.767 ms - -[0m
2021-01-08 00:18:18 info: [0mGET /service [36m304[0m 6.931 ms - -[0m
2021-01-08 00:18:23 info: [0mOPTIONS /service/favorite [32m204[0m 0.187 ms - 0[0m
2021-01-08 00:18:23 info: [0mPOST /service/favorite [32m200[0m 35.473 ms - 301[0m
2021-01-08 00:18:44 info: [0mOPTIONS /service/favorite [32m204[0m 0.195 ms - 0[0m
2021-01-08 00:18:44 info: [0mPOST /service/favorite [32m200[0m 31.125 ms - 301[0m
2021-01-08 00:20:45 info: [0mOPTIONS /service [32m204[0m 0.396 ms - 0[0m
2021-01-08 00:20:45 info: [0mGET /service [32m200[0m 6.549 ms - 325[0m
2021-01-08 00:21:20 info: [0mOPTIONS /service/favorite [32m204[0m 0.262 ms - 0[0m
2021-01-08 00:21:20 info: [0mPOST /service/favorite [32m200[0m 24.507 ms - 323[0m
2021-01-08 00:21:26 info: [0mOPTIONS /service/favorite [32m204[0m 0.201 ms - 0[0m
2021-01-08 00:21:26 info: [0mPOST /service/favorite [32m200[0m 30.447 ms - 323[0m
2021-01-08 00:22:06 info: 🚀 App listening on the port 3000
2021-01-08 00:22:06 info: 🟢 The database is connected.
2021-01-08 00:22:11 info: [0mOPTIONS /service/favorite [32m204[0m 1.952 ms - 0[0m
2021-01-08 00:22:11 info: [0mPOST /service/favorite [32m200[0m 59.296 ms - 323[0m
2021-01-08 00:22:46 info: 🚀 App listening on the port 3000
2021-01-08 00:22:46 info: 🟢 The database is connected.
2021-01-08 00:22:48 info: [0mOPTIONS /service/favorite [32m204[0m 2.162 ms - 0[0m
2021-01-08 00:22:48 info: [0mPOST /service/favorite [32m200[0m 48.188 ms - 323[0m
2021-01-08 00:23:00 info: 🚀 App listening on the port 3000
2021-01-08 00:23:01 info: 🟢 The database is connected.
2021-01-08 00:23:01 info: [0mOPTIONS /service/favorite [32m204[0m 2.107 ms - 0[0m
2021-01-08 00:23:01 info: [0mPOST /service/favorite [32m200[0m 49.558 ms - 323[0m
2021-01-08 00:24:22 info: 🚀 App listening on the port 3000
2021-01-08 00:24:22 info: 🟢 The database is connected.
2021-01-08 00:24:29 info: [0mOPTIONS /service/favorite [32m204[0m 2.069 ms - 0[0m
2021-01-08 00:24:29 info: [0mPOST /service/favorite [32m200[0m 64.066 ms - 323[0m
2021-01-08 00:25:56 info: 🚀 App listening on the port 3000
2021-01-08 00:25:56 info: 🟢 The database is connected.
2021-01-08 00:26:01 info: 🚀 App listening on the port 3000
2021-01-08 00:26:01 info: 🟢 The database is connected.
2021-01-08 00:26:13 info: 🚀 App listening on the port 3000
2021-01-08 00:26:13 info: 🟢 The database is connected.
2021-01-08 00:27:21 info: 🚀 App listening on the port 3000
2021-01-08 00:27:21 info: 🟢 The database is connected.
2021-01-08 00:28:10 info: 🚀 App listening on the port 3000
2021-01-08 00:28:10 info: 🟢 The database is connected.
2021-01-08 00:28:50 info: 🚀 App listening on the port 3000
2021-01-08 00:28:50 info: 🟢 The database is connected.
2021-01-08 00:28:59 info: 🚀 App listening on the port 3000
2021-01-08 00:28:59 info: 🟢 The database is connected.
2021-01-08 00:29:02 info: [0mOPTIONS /service [32m204[0m 2.745 ms - 0[0m
2021-01-08 00:29:02 info: [0mGET /service [36m304[0m 30.994 ms - -[0m
2021-01-08 00:29:04 info: [0mOPTIONS /service/favorite [32m204[0m 0.217 ms - 0[0m
2021-01-08 00:29:04 info: [0mPOST /service/favorite [32m200[0m 32.690 ms - 323[0m
2021-01-08 00:30:20 info: 🚀 App listening on the port 3000
2021-01-08 00:30:20 info: 🟢 The database is connected.
2021-01-08 00:30:31 info: 🚀 App listening on the port 3000
2021-01-08 00:30:31 info: 🟢 The database is connected.
2021-01-08 00:31:15 info: 🚀 App listening on the port 3000
2021-01-08 00:31:15 info: 🟢 The database is connected.
2021-01-08 00:31:46 info: 🚀 App listening on the port 3000
2021-01-08 00:31:46 info: 🟢 The database is connected.
2021-01-08 00:32:08 info: 🚀 App listening on the port 3000
2021-01-08 00:32:08 info: 🟢 The database is connected.
2021-01-08 00:32:22 info: 🚀 App listening on the port 3000
2021-01-08 00:32:22 info: 🟢 The database is connected.
2021-01-08 00:32:27 info: 🚀 App listening on the port 3000
2021-01-08 00:32:28 info: 🟢 The database is connected.
2021-01-08 00:32:40 info: 🚀 App listening on the port 3000
2021-01-08 00:32:40 info: 🟢 The database is connected.
2021-01-08 00:33:10 info: [0mOPTIONS /service [32m204[0m 3.442 ms - 0[0m
2021-01-08 00:33:10 info: [0mGET /service [36m304[0m 83.497 ms - -[0m
2021-01-08 00:33:51 info: [0mOPTIONS /service [32m204[0m 0.373 ms - 0[0m
2021-01-08 00:33:52 info: [0mGET /service [36m304[0m 15.660 ms - -[0m
2021-01-08 00:33:58 info: [0mOPTIONS /service [32m204[0m 0.244 ms - 0[0m
2021-01-08 00:33:58 info: [0mGET /service [36m304[0m 7.515 ms - -[0m
2021-01-08 00:34:06 info: [0mOPTIONS /service [32m204[0m 0.347 ms - 0[0m
2021-01-08 00:34:06 info: [0mGET /service [36m304[0m 6.818 ms - -[0m
2021-01-08 00:34:09 info: [0mOPTIONS /service/favorite/5ff792033d8f93fac5874889 [32m204[0m 0.246 ms - 0[0m
2021-01-08 00:34:09 info: [0mPOST /service/favorite/5ff792033d8f93fac5874889 [32m200[0m 40.910 ms - 323[0m
2021-01-08 00:34:20 info: [0mOPTIONS /service/favorite/5ff792033d8f93fac5874889 [32m204[0m 0.199 ms - 0[0m
2021-01-08 00:34:20 info: [0mPOST /service/favorite/5ff792033d8f93fac5874889 [32m200[0m 6.132 ms - 323[0m
2021-01-08 00:34:23 info: [0mPOST /service/favorite/5ff792033d8f93fac5874889 [32m200[0m 6.071 ms - 323[0m
2021-01-08 00:35:31 info: [0mOPTIONS /service [32m204[0m 0.444 ms - 0[0m
2021-01-08 00:35:31 info: [0mGET /service [36m304[0m 5.662 ms - -[0m
2021-01-08 00:36:09 info: [0mOPTIONS /service [32m204[0m 0.250 ms - 0[0m
2021-01-08 00:36:09 info: [0mGET /service [36m304[0m 6.495 ms - -[0m
2021-01-08 00:36:54 info: [0mOPTIONS /service [32m204[0m 0.261 ms - 0[0m
2021-01-08 00:36:54 info: [0mGET /service [36m304[0m 5.433 ms - -[0m
2021-01-08 00:37:01 info: [0mOPTIONS /service [32m204[0m 0.208 ms - 0[0m
2021-01-08 00:37:01 info: [0mGET /service [36m304[0m 6.042 ms - -[0m
2021-01-08 00:38:26 info: [0mOPTIONS /service [32m204[0m 0.224 ms - 0[0m
2021-01-08 00:38:26 info: [0mGET /service [36m304[0m 6.061 ms - -[0m
2021-01-08 00:38:31 info: [0mOPTIONS /service/5ff792033d8f93fac5874889 [32m204[0m 0.260 ms - 0[0m
2021-01-08 00:38:31 info: [0mDELETE /service/5ff792033d8f93fac5874889 [32m200[0m 31.615 ms - 323[0m
2021-01-08 00:38:38 info: [0mOPTIONS /service [32m204[0m 0.255 ms - 0[0m
2021-01-08 00:38:38 info: [0mGET /service [32m200[0m 7.802 ms - 2[0m
2021-01-08 00:40:53 info: [0mOPTIONS /service [32m204[0m 0.215 ms - 0[0m
2021-01-08 00:40:53 info: [0mGET /service [36m304[0m 4.652 ms - -[0m
2021-01-08 00:42:53 info: [0mOPTIONS /service [32m204[0m 0.216 ms - 0[0m
2021-01-08 00:42:53 info: [0mGET /service [36m304[0m 5.344 ms - -[0m
2021-01-08 00:42:55 info: [0mGET /service [36m304[0m 4.671 ms - -[0m
2021-01-08 00:44:25 info: [0mOPTIONS /service [32m204[0m 0.246 ms - 0[0m
2021-01-08 00:44:25 info: [0mGET /service [36m304[0m 3.640 ms - -[0m
2021-01-08 00:46:20 info: [0mOPTIONS /service [32m204[0m 0.220 ms - 0[0m
2021-01-08 00:46:20 info: [0mGET /service [36m304[0m 24.498 ms - -[0m
2021-01-08 00:46:22 info: [0mGET /service [36m304[0m 3.536 ms - -[0m
2021-01-08 00:48:49 info: [0mOPTIONS /service [32m204[0m 0.255 ms - 0[0m
2021-01-08 00:48:50 info: [0mGET /service [36m304[0m 4.878 ms - -[0m
2021-01-08 00:50:36 info: [0mOPTIONS /service [32m204[0m 0.188 ms - 0[0m
2021-01-08 00:50:36 info: [0mGET /service [36m304[0m 3.811 ms - -[0m
2021-01-08 00:51:14 info: [0mOPTIONS /service [32m204[0m 0.235 ms - 0[0m
2021-01-08 00:51:14 info: [0mGET /service [36m304[0m 4.083 ms - -[0m
2021-01-08 00:51:19 info: [0mOPTIONS /service [32m204[0m 0.162 ms - 0[0m
2021-01-08 00:51:19 error: StatusCode : 500, Message : Service validation failed: status: Path `status` is required.
2021-01-08 00:51:19 info: [0mPOST /service [31m500[0m 56.148 ms - 75[0m
2021-01-08 00:51:57 info: [0mOPTIONS /service [32m204[0m 0.230 ms - 0[0m
2021-01-08 00:51:57 info: [0mGET /service [36m304[0m 4.933 ms - -[0m
2021-01-08 00:53:36 info: [0mOPTIONS /service [32m204[0m 0.179 ms - 0[0m
2021-01-08 00:53:36 info: [0mGET /service [36m304[0m 5.118 ms - -[0m
2021-01-08 00:54:18 info: [0mOPTIONS /service [32m204[0m 0.192 ms - 0[0m
2021-01-08 00:54:18 info: [0mGET /service [36m304[0m 4.243 ms - -[0m
2021-01-08 00:54:38 info: [0mOPTIONS /service [32m204[0m 0.172 ms - 0[0m
2021-01-08 00:54:38 info: [0mGET /service [36m304[0m 4.297 ms - -[0m
2021-01-08 00:55:38 info: [0mOPTIONS /service [32m204[0m 0.282 ms - 0[0m
2021-01-08 00:55:38 info: [0mGET /service [36m304[0m 3.854 ms - -[0m
2021-01-08 00:56:30 info: [0mOPTIONS /service [32m204[0m 0.230 ms - 0[0m
2021-01-08 00:56:30 info: [0mGET /service [36m304[0m 4.666 ms - -[0m
2021-01-08 00:56:54 info: [0mOPTIONS /service [32m204[0m 0.177 ms - 0[0m
2021-01-08 00:56:54 error: StatusCode : 500, Message : Service validation failed: status: Path `status` is required.
2021-01-08 00:56:54 info: [0mPOST /service [31m500[0m 28.461 ms - 75[0m
2021-01-08 00:57:26 info: [0mOPTIONS /service/favorite/1 [32m204[0m 0.193 ms - 0[0m
2021-01-08 00:57:26 error: StatusCode : 409, Message : Service not found
2021-01-08 00:57:26 info: [0mPOST /service/favorite/1 [33m409[0m 17.141 ms - 31[0m
2021-01-08 00:57:34 info: [0mOPTIONS /service [32m204[0m 0.221 ms - 0[0m
2021-01-08 00:57:34 error: StatusCode : 500, Message : Service validation failed: status: Path `status` is required.
2021-01-08 00:57:34 info: [0mPOST /service [31m500[0m 49.511 ms - 75[0m
2021-01-08 01:00:14 info: [0mOPTIONS /service [32m204[0m 0.221 ms - 0[0m
2021-01-08 01:00:14 info: [0mGET /service [36m304[0m 7.514 ms - -[0m
2021-01-08 01:00:57 info: [0mOPTIONS /service [32m204[0m 0.190 ms - 0[0m
2021-01-08 01:00:57 info: [0mGET /service [36m304[0m 15.318 ms - -[0m
2021-01-08 01:02:15 info: [0mOPTIONS /service [32m204[0m 0.245 ms - 0[0m
2021-01-08 01:02:15 info: [0mGET /service [36m304[0m 3.662 ms - -[0m
2021-01-08 01:02:58 info: [0mOPTIONS /service [32m204[0m 0.209 ms - 0[0m
2021-01-08 01:02:58 info: [0mGET /service [36m304[0m 5.255 ms - -[0m
